<?xml version="1.0" encoding="UTF-8"?>
<!-- Generated by org.testng.reporters.JUnitReportReporter -->
<testsuite hostname="DESKTOP-CCPG5IB" failures="0" tests="1" name="TestRunner.CucumberTestRunner" time="15.202" errors="0" timestamp="2024-02-20T14:30:35 IST" skipped="0">
  <testcase classname="TestRunner.CucumberTestRunner" name="runScenario" time="15.202"/>
  <system-out/>
</testsuite> <!-- TestRunner.CucumberTestRunner -->
